Symlinking /home/sahil/WheelChair-Codes/devel/include/av_messages/object_.h
Symlinking /home/sahil/WheelChair-Codes/devel/include/av_messages/objects.h
Symlinking /home/sahil/WheelChair-Codes/devel/share/av_messages/cmake/av_messages-msg-extras.cmake
Symlinking /home/sahil/WheelChair-Codes/devel/share/av_messages/cmake/av_messagesConfig.cmake
Symlinking /home/sahil/WheelChair-Codes/devel/share/av_messages/cmake/av_messagesConfig-version.cmake
Symlinking /home/sahil/WheelChair-Codes/devel/share/av_messages/cmake/av_messages-msg-paths.cmake
Symlinking /home/sahil/WheelChair-Codes/devel/share/gennodejs/ros/av_messages/_index.js
Symlinking /home/sahil/WheelChair-Codes/devel/share/gennodejs/ros/av_messages/msg/objects.js
Symlinking /home/sahil/WheelChair-Codes/devel/share/gennodejs/ros/av_messages/msg/object_.js
Symlinking /home/sahil/WheelChair-Codes/devel/share/gennodejs/ros/av_messages/msg/_index.js
Symlinking /home/sahil/WheelChair-Codes/devel/share/roseus/ros/av_messages/manifest.l
Symlinking /home/sahil/WheelChair-Codes/devel/share/roseus/ros/av_messages/msg/object_.l
Symlinking /home/sahil/WheelChair-Codes/devel/share/roseus/ros/av_messages/msg/objects.l
Symlinking /home/sahil/WheelChair-Codes/devel/share/common-lisp/ros/av_messages/msg/objects.lisp
Symlinking /home/sahil/WheelChair-Codes/devel/share/common-lisp/ros/av_messages/msg/_package_objects.lisp
Symlinking /home/sahil/WheelChair-Codes/devel/share/common-lisp/ros/av_messages/msg/av_messages-msg.asd
Symlinking /home/sahil/WheelChair-Codes/devel/share/common-lisp/ros/av_messages/msg/_package_object_.lisp
Symlinking /home/sahil/WheelChair-Codes/devel/share/common-lisp/ros/av_messages/msg/object_.lisp
Symlinking /home/sahil/WheelChair-Codes/devel/share/common-lisp/ros/av_messages/msg/_package.lisp
Symlinking /home/sahil/WheelChair-Codes/devel/lib/pkgconfig/av_messages.pc
Symlinking /home/sahil/WheelChair-Codes/devel/lib/python3/dist-packages/av_messages/__init__.py
Symlinking /home/sahil/WheelChair-Codes/devel/lib/python3/dist-packages/av_messages/msg/__init__.py
Symlinking /home/sahil/WheelChair-Codes/devel/lib/python3/dist-packages/av_messages/msg/_object_.py
Symlinking /home/sahil/WheelChair-Codes/devel/lib/python3/dist-packages/av_messages/msg/_objects.py
